<?xml version="1.0" encoding="UTF-8"?>
<testsuite xmlns:xsi="http://www.w3.org/2001/XMLSchema-instance" xsi:noNamespaceSchemaLocation="https://maven.apache.org/surefire/maven-surefire-plugin/xsd/surefire-test-report-3.0.xsd" version="3.0" name="Rgundelach.Capstone.CapstoneApplicationTests" time="5.355" tests="1" errors="0" skipped="0" failures="0">
  <properties>
[...]
</properties>
  <testcase name="contextLoads" classname="Rgundelach.Capstone.CapstoneApplicationTests" time="0.952">
    <system-out><![CDATA[15:53:04.444 [main] INFO org.springframework.test.context.support.AnnotationConfigContextLoaderUtils -- Could not detect default configuration classes for test class [Rgundelach.Capstone.CapstoneApplicationTests]: CapstoneApplicationTests does not declare any static, non-private, non-final, nested classes annotated with @Configuration.
15:53:04.588 [main] INFO org.springframework.boot.test.context.SpringBootTestContextBootstrapper -- Found @SpringBootConfiguration Rgundelach.Capstone.CapstoneApplication for test class Rgundelach.Capstone.CapstoneApplicationTests

  .   ____          _            __ _ _
 /\\ / ___'_ __ _ _(_)_ __  __ _ \ \ \ \
( ( )\___ | '_ | '_| | '_ \/ _` | \ \ \ \
 \\/  ___)| |_)| | | | | || (_| |  ) ) ) )
  '  |____| .__|_| |_|_| |_\__, | / / / /
 =========|_|==============|___/=/_/_/_/

 :: Spring Boot ::                (v3.3.4)

2025-01-30T15:53:05.072-07:00  INFO 38840 --- [Capstone] [           main] R.Capstone.CapstoneApplicationTests      : Starting CapstoneApplicationTests using Java 18.0.2.1 with PID 38840 (started by rgundelach in C:\Users\rgundelach\Desktop\NEUQ10\Capstone\Capstone)
2025-01-30T15:53:05.072-07:00  INFO 38840 --- [Capstone] [           main] R.Capstone.CapstoneApplicationTests      : No active profile set, falling back to 1 default profile: "default"
2025-01-30T15:53:05.683-07:00  INFO 38840 --- [Capstone] [           main] .s.d.r.c.RepositoryConfigurationDelegate : Bootstrapping Spring Data MongoDB repositories in DEFAULT mode.
2025-01-30T15:53:05.696-07:00  INFO 38840 --- [Capstone] [           main] .s.d.r.c.RepositoryConfigurationDelegate : Finished Spring Data repository scanning in 4 ms. Found 0 MongoDB repository interfaces.
2025-01-30T15:53:05.700-07:00  INFO 38840 --- [Capstone] [           main] .s.d.r.c.RepositoryConfigurationDelegate : Bootstrapping Spring Data MongoDB repositories in DEFAULT mode.
2025-01-30T15:53:05.784-07:00  INFO 38840 --- [Capstone] [           main] .s.d.r.c.RepositoryConfigurationDelegate : Finished Spring Data repository scanning in 81 ms. Found 1 MongoDB repository interface.
2025-01-30T15:53:06.666-07:00  INFO 38840 --- [Capstone] [           main] org.mongodb.driver.client                : MongoClient with metadata {"application": {"name": "Web"}, "driver": {"name": "mongo-java-driver|sync|spring-boot", "version": "5.0.1"}, "os": {"type": "Windows", "name": "Windows 10", "architecture": "amd64", "version": "10.0"}, "platform": "Java/Oracle Corporation/18.0.2.1+1-1"} created with settings MongoClientSettings{readPreference=primary, writeConcern=WriteConcern{w=majority, wTimeout=null ms, journal=null}, retryWrites=true, retryReads=true, readConcern=ReadConcern{level=null}, credential=MongoCredential{mechanism=null, userName='dbUser', source='admin', password=<hidden>, mechanismProperties=<hidden>}, transportSettings=null, commandListeners=[], codecRegistry=ProvidersCodecRegistry{codecProviders=[ValueCodecProvider{}, BsonValueCodecProvider{}, DBRefCodecProvider{}, DBObjectCodecProvider{}, DocumentCodecProvider{}, CollectionCodecProvider{}, IterableCodecProvider{}, MapCodecProvider{}, GeoJsonCodecProvider{}, GridFSFileCodecProvider{}, Jsr310CodecProvider{}, JsonObjectCodecProvider{}, BsonCodecProvider{}, EnumCodecProvider{}, com.mongodb.client.model.mql.ExpressionCodecProvider@68c9e023, com.mongodb.Jep395RecordCodecProvider@1624775, com.mongodb.KotlinCodecProvider@1e7f19b4]}, loggerSettings=LoggerSettings{maxDocumentLength=1000}, clusterSettings={hosts=[127.0.0.1:27017], srvHost=web.ygz4cv1.mongodb.net, srvServiceName=mongodb, mode=MULTIPLE, requiredClusterType=REPLICA_SET, requiredReplicaSetName='atlas-teeb89-shard-0', serverSelector='null', clusterListeners='[]', serverSelectionTimeout='30000 ms', localThreshold='15 ms'}, socketSettings=SocketSettings{connectTimeoutMS=10000, readTimeoutMS=0, receiveBufferSize=0, proxySettings=ProxySettings{host=null, port=null, username=null, password=null}}, heartbeatSocketSettings=SocketSettings{connectTimeoutMS=10000, readTimeoutMS=10000, receiveBufferSize=0, proxySettings=ProxySettings{host=null, port=null, username=null, password=null}}, connectionPoolSettings=ConnectionPoolSettings{maxSize=100, minSize=0, maxWaitTimeMS=120000, maxConnectionLifeTimeMS=0, maxConnectionIdleTimeMS=0, maintenanceInitialDelayMS=0, maintenanceFrequencyMS=60000, connectionPoolListeners=[], maxConnecting=2}, serverSettings=ServerSettings{heartbeatFrequencyMS=10000, minHeartbeatFrequencyMS=500, serverListeners='[]', serverMonitorListeners='[]'}, sslSettings=SslSettings{enabled=true, invalidHostNameAllowed=false, context=null}, applicationName='Web', compressorList=[], uuidRepresentation=JAVA_LEGACY, serverApi=null, autoEncryptionSettings=null, dnsClient=null, inetAddressResolver=null, contextProvider=null}
2025-01-30T15:53:07.002-07:00  INFO 38840 --- [Capstone] [           main] r$InitializeUserDetailsManagerConfigurer : Global AuthenticationManager configured with UserDetailsService bean with name DefaultMemoryManager
2025-01-30T15:53:07.114-07:00  INFO 38840 --- [Capstone] [           main] o.s.b.a.w.s.WelcomePageHandlerMapping    : Adding welcome page: class path resource [static/index.html]
2025-01-30T15:53:07.215-07:00  INFO 38840 --- [Capstone] [cv1.mongodb.net] org.mongodb.driver.cluster               : Adding discovered server ac-3apmbn5-shard-00-02.ygz4cv1.mongodb.net:27017 to client view of cluster
2025-01-30T15:53:07.305-07:00  INFO 38840 --- [Capstone] [cv1.mongodb.net] org.mongodb.driver.cluster               : Adding discovered server ac-3apmbn5-shard-00-01.ygz4cv1.mongodb.net:27017 to client view of cluster
2025-01-30T15:53:07.308-07:00  INFO 38840 --- [Capstone] [cv1.mongodb.net] org.mongodb.driver.cluster               : Adding discovered server ac-3apmbn5-shard-00-00.ygz4cv1.mongodb.net:27017 to client view of cluster
2025-01-30T15:53:08.416-07:00  INFO 38840 --- [Capstone] [ngodb.net:27017] org.mongodb.driver.cluster               : Monitor thread successfully connected to server with description ServerDescription{address=ac-3apmbn5-shard-00-01.ygz4cv1.mongodb.net:27017, type=REPLICA_SET_SECONDARY, state=CONNECTED, ok=true, minWireVersion=0, maxWireVersion=25, maxDocumentSize=16777216, logicalSessionTimeoutMinutes=30, roundTripTimeNanos=639881900, setName='atlas-teeb89-shard-0', canonicalAddress=ac-3apmbn5-shard-00-01.ygz4cv1.mongodb.net:27017, hosts=[ac-3apmbn5-shard-00-00.ygz4cv1.mongodb.net:27017, ac-3apmbn5-shard-00-01.ygz4cv1.mongodb.net:27017, ac-3apmbn5-shard-00-02.ygz4cv1.mongodb.net:27017], passives=[], arbiters=[], primary='ac-3apmbn5-shard-00-02.ygz4cv1.mongodb.net:27017', tagSet=TagSet{[Tag{name='availabilityZone', value='us-central1-c'}, Tag{name='diskState', value='READY'}, Tag{name='nodeType', value='ELECTABLE'}, Tag{name='provider', value='GCP'}, Tag{name='region', value='CENTRAL_US'}, Tag{name='workloadType', value='OPERATIONAL'}]}, electionId=null, setVersion=139, topologyVersion=TopologyVersion{processId=6797abfacbd77fff3071214c, counter=3}, lastWriteDate=Thu Jan 30 15:53:10 MST 2025, lastUpdateTimeNanos=285059071974800}
2025-01-30T15:53:08.416-07:00  INFO 38840 --- [Capstone] [ngodb.net:27017] org.mongodb.driver.cluster               : Monitor thread successfully connected to server with description ServerDescription{address=ac-3apmbn5-shard-00-02.ygz4cv1.mongodb.net:27017, type=REPLICA_SET_PRIMARY, state=CONNECTED, ok=true, minWireVersion=0, maxWireVersion=25, maxDocumentSize=16777216, logicalSessionTimeoutMinutes=30, roundTripTimeNanos=639848000, setName='atlas-teeb89-shard-0', canonicalAddress=ac-3apmbn5-shard-00-02.ygz4cv1.mongodb.net:27017, hosts=[ac-3apmbn5-shard-00-00.ygz4cv1.mongodb.net:27017, ac-3apmbn5-shard-00-01.ygz4cv1.mongodb.net:27017, ac-3apmbn5-shard-00-02.ygz4cv1.mongodb.net:27017], passives=[], arbiters=[], primary='ac-3apmbn5-shard-00-02.ygz4cv1.mongodb.net:27017', tagSet=TagSet{[Tag{name='availabilityZone', value='us-central1-f'}, Tag{name='diskState', value='READY'}, Tag{name='nodeType', value='ELECTABLE'}, Tag{name='provider', value='GCP'}, Tag{name='region', value='CENTRAL_US'}, Tag{name='workloadType', value='OPERATIONAL'}]}, electionId=7fffffff00000000000001e5, setVersion=139, topologyVersion=TopologyVersion{processId=6797a802b52664ec6f74f874, counter=6}, lastWriteDate=Thu Jan 30 15:53:10 MST 2025, lastUpdateTimeNanos=285059071996700}
2025-01-30T15:53:08.416-07:00  INFO 38840 --- [Capstone] [ngodb.net:27017] org.mongodb.driver.cluster               : Monitor thread successfully connected to server with description ServerDescription{address=ac-3apmbn5-shard-00-00.ygz4cv1.mongodb.net:27017, type=REPLICA_SET_SECONDARY, state=CONNECTED, ok=true, minWireVersion=0, maxWireVersion=25, maxDocumentSize=16777216, logicalSessionTimeoutMinutes=30, roundTripTimeNanos=639916200, setName='atlas-teeb89-shard-0', canonicalAddress=ac-3apmbn5-shard-00-00.ygz4cv1.mongodb.net:27017, hosts=[ac-3apmbn5-shard-00-00.ygz4cv1.mongodb.net:27017, ac-3apmbn5-shard-00-01.ygz4cv1.mongodb.net:27017, ac-3apmbn5-shard-00-02.ygz4cv1.mongodb.net:27017], passives=[], arbiters=[], primary='ac-3apmbn5-shard-00-02.ygz4cv1.mongodb.net:27017', tagSet=TagSet{[Tag{name='availabilityZone', value='us-central1-b'}, Tag{name='diskState', value='READY'}, Tag{name='nodeType', value='ELECTABLE'}, Tag{name='provider', value='GCP'}, Tag{name='region', value='CENTRAL_US'}, Tag{name='workloadType', value='OPERATIONAL'}]}, electionId=null, setVersion=139, topologyVersion=TopologyVersion{processId=6797a3fbdbb88bcc0ebe3c52, counter=4}, lastWriteDate=Thu Jan 30 15:53:10 MST 2025, lastUpdateTimeNanos=285059072018600}
2025-01-30T15:53:08.424-07:00  INFO 38840 --- [Capstone] [ngodb.net:27017] org.mongodb.driver.cluster               : Discovered replica set primary ac-3apmbn5-shard-00-02.ygz4cv1.mongodb.net:27017 with max election id 7fffffff00000000000001e5 and max set version 139
2025-01-30T15:53:08.600-07:00  INFO 38840 --- [Capstone] [           main] R.Capstone.CapstoneApplicationTests      : Started CapstoneApplicationTests in 3.821 seconds (process running for 4.918)
]]></system-out>
  </testcase>
</testsuite>